warning " > eslint-config-react-app@2.1.0" has incorrect peer dependency "eslint-plugin-jsx-a11y@^5.1.1".
warning " > estraverse-fb@1.3.2" has unmet peer dependency "estraverse@*".
warning " > react-native-mock@0.3.1" has unmet peer dependency "react-native@*".
warning "react-native-mock > react-dom@15.6.2" has incorrect peer dependency "react@^15.6.2".
warning "rsg-alt > react-simpletabs-alt@0.7.0" has incorrect peer dependency "react@0.12.x - 1.x || 15.x".
warning "rsg-alt > redbox-react@1.2.6" has incorrect peer dependency "react@^0.14.0 || ^15.0.0".
PASS src/components/Card/Card.spec.js
PASS src/components/Input/Input.spec.js
PASS src/components/Carousel/Carousel.spec.js
PASS src/components/Indicator/Indicator.spec.js
  ● Console

    console.error node_modules/fbjs/lib/warning.js:33
      Warning: Failed prop type: Invalid prop `backgroundColor` supplied to `View`: @primaryColor
      Valid color formats are
        - '#f0f' (#rgb)
        - '#f0fc' (#rgba)
        - '#ff00ff' (#rrggbb)
        - '#ff00ff00' (#rrggbbaa)
        - 'rgb(255, 255, 255)'
        - 'rgba(255, 255, 255, 1.0)'
        - 'hsl(360, 100%, 100%)'
        - 'hsla(360, 100%, 100%, 1.0)'
        - 'transparent'
        - 'red'
        - 0xff00ff00 (0xrrggbbaa)
      
      Bad object: {
        "padding": 10,
        "paddingVertical": 4,
        "backgroundColor": "@primaryColor",
        "borderRadius": 20,
        "minWidth": 40,
        "top": -10,
        "left": 0,
        "marginLeft": -18
      }
          in View (created by Badge)
          in Badge
          in Badge (created by Indicator)
          in div (created by View)
          in View (created by Indicator)
          in div (created by View)
          in View (created by Indicator)
          in Indicator
          in Indicator
          in Provider

PASS src/components/RadioGroup/RadioGroup.spec.js
PASS src/components/Button/Button.spec.js
PASS src/components/Slider/Slider.spec.js
PASS src/components/typography/__tests__/H2.spec.js
PASS src/components/SegmentedControlButton/SegmentedControlButton.spec.js
PASS src/components/typography/__tests__/H3.spec.js
PASS src/components/typography/__tests__/Strong.spec.js
PASS src/components/Switcher/Switcher.spec.js
PASS src/components/Spinner/Spinner.spec.js
  ● Console

    console.error node_modules/fbjs/lib/warning.js:33
      Warning: Failed prop type: Invalid prop `backgroundColor` supplied to `View`: @primaryColor
      Valid color formats are
        - '#f0f' (#rgb)
        - '#f0fc' (#rgba)
        - '#ff00ff' (#rrggbb)
        - '#ff00ff00' (#rrggbbaa)
        - 'rgb(255, 255, 255)'
        - 'rgba(255, 255, 255, 1.0)'
        - 'hsl(360, 100%, 100%)'
        - 'hsla(360, 100%, 100%, 1.0)'
        - 'transparent'
        - 'red'
        - 0xff00ff00 (0xrrggbbaa)
      
      Bad object: {
        "width": 25,
        "height": 25,
        "borderRadius": 25,
        "backgroundColor": "@primaryColor",
        "transform": [
          {
            "scale": 0.4
          }
        ]
      }
          in View (created by AnimatedComponent)
          in AnimatedComponent (created by Spinner)
          in div (created by View)
          in View (created by Spinner)
          in Spinner
          in Spinner
          in Provider

PASS src/components/Badge/badge.spec.js
PASS src/components/Radio/Radio.spec.js
PASS src/components/Progress/Progress.spec.js
PASS src/components/Checkbox/Checkbox.spec.js
  ● Console

    console.error node_modules/fbjs/lib/warning.js:33
      Warning: Failed prop type: Invalid prop `color` supplied to `Text`: @primaryColor
      Valid color formats are
        - '#f0f' (#rgb)
        - '#f0fc' (#rgba)
        - '#ff00ff' (#rrggbb)
        - '#ff00ff00' (#rrggbbaa)
        - 'rgb(255, 255, 255)'
        - 'rgba(255, 255, 255, 1.0)'
        - 'hsl(360, 100%, 100%)'
        - 'hsla(360, 100%, 100%, 1.0)'
        - 'transparent'
        - 'red'
        - 0xff00ff00 (0xrrggbbaa)
      
      Bad object: {
        "fontFamily": "Material Icons",
        "backgroundColor": "transparent",
        "color": "@primaryColor",
        "marginTop": 2,
        "fontSize": 18
      }
          in Text (created by Icon)
          in Icon
          in Icon (created by Checkbox)
          in div (created by View)
          in View (created by TouchableOpacity)
          in TouchableOpacity (created by Checkbox)
          in div (created by View)
          in View (created by Checkbox)
          in Checkbox
          in Checkbox
          in Provider

PASS src/components/typography/__tests__/A.spec.js
PASS src/components/typography/__tests__/H5.spec.js
PASS src/components/typography/__tests__/P.spec.js
PASS src/components/typography/__tests__/H6.spec.js
PASS src/components/typography/__tests__/H1.spec.js
PASS src/components/typography/__tests__/H4.spec.js
PASS src/components/Gravatar/Gravatar.spec.js
PASS src/components/typography/__tests__/Em.spec.js
PASS src/components/Bubble/Bubble.spec.js

Test Suites: 26 passed, 26 total
Tests:       31 passed, 31 total
Snapshots:   31 passed, 31 total
Time:        3.943s
Ran all test suites.
PASS src/components/Indicator/Indicator.spec.js
  ● Console

    console.error node_modules/fbjs/lib/warning.js:33
      Warning: Failed prop type: Invalid prop `backgroundColor` supplied to `View`: @primaryColor
      Valid color formats are
        - '#f0f' (#rgb)
        - '#f0fc' (#rgba)
        - '#ff00ff' (#rrggbb)
        - '#ff00ff00' (#rrggbbaa)
        - 'rgb(255, 255, 255)'
        - 'rgba(255, 255, 255, 1.0)'
        - 'hsl(360, 100%, 100%)'
        - 'hsla(360, 100%, 100%, 1.0)'
        - 'transparent'
        - 'red'
        - 0xff00ff00 (0xrrggbbaa)
      
      Bad object: {
        "padding": 10,
        "paddingVertical": 4,
        "backgroundColor": "@primaryColor",
        "borderRadius": 20,
        "minWidth": 40,
        "top": -10,
        "left": 0,
        "marginLeft": -18
      }
          in View (created by Badge)
          in Badge
          in Badge (created by Indicator)
          in div (created by View)
          in View (created by Indicator)
          in div (created by View)
          in View (created by Indicator)
          in Indicator
          in Indicator
          in Provider

PASS src/components/Checkbox/Checkbox.spec.js
  ● Console

    console.error node_modules/fbjs/lib/warning.js:33
      Warning: Failed prop type: Invalid prop `color` supplied to `Text`: @primaryColor
      Valid color formats are
        - '#f0f' (#rgb)
        - '#f0fc' (#rgba)
        - '#ff00ff' (#rrggbb)
        - '#ff00ff00' (#rrggbbaa)
        - 'rgb(255, 255, 255)'
        - 'rgba(255, 255, 255, 1.0)'
        - 'hsl(360, 100%, 100%)'
        - 'hsla(360, 100%, 100%, 1.0)'
        - 'transparent'
        - 'red'
        - 0xff00ff00 (0xrrggbbaa)
      
      Bad object: {
        "fontFamily": "Material Icons",
        "backgroundColor": "transparent",
        "color": "@primaryColor",
        "marginTop": 2,
        "fontSize": 18
      }
          in Text (created by Icon)
          in Icon
          in Icon (created by Checkbox)
          in div (created by View)
          in View (created by TouchableOpacity)
          in TouchableOpacity (created by Checkbox)
          in div (created by View)
          in View (created by Checkbox)
          in Checkbox
          in Checkbox
          in Provider

PASS src/components/Switcher/Switcher.spec.js
PASS src/components/Badge/badge.spec.js
PASS src/components/typography/__tests__/P.spec.js
PASS src/components/Button/Button.spec.js
PASS src/components/Carousel/Carousel.spec.js
PASS src/components/Input/Input.spec.js
PASS src/components/RadioGroup/RadioGroup.spec.js
PASS src/components/Radio/Radio.spec.js
PASS src/components/Card/Card.spec.js
PASS src/components/typography/__tests__/H1.spec.js
PASS src/components/Slider/Slider.spec.js
PASS src/components/typography/__tests__/H4.spec.js
PASS src/components/typography/__tests__/H2.spec.js
PASS src/components/typography/__tests__/Strong.spec.js
PASS src/components/SegmentedControlButton/SegmentedControlButton.spec.js
PASS src/components/Gravatar/Gravatar.spec.js
PASS src/components/typography/__tests__/A.spec.js
PASS src/components/Bubble/Bubble.spec.js
PASS src/components/typography/__tests__/H3.spec.js
PASS src/components/Spinner/Spinner.spec.js
  ● Console

    console.error node_modules/fbjs/lib/warning.js:33
      Warning: Failed prop type: Invalid prop `backgroundColor` supplied to `View`: @primaryColor
      Valid color formats are
        - '#f0f' (#rgb)
        - '#f0fc' (#rgba)
        - '#ff00ff' (#rrggbb)
        - '#ff00ff00' (#rrggbbaa)
        - 'rgb(255, 255, 255)'
        - 'rgba(255, 255, 255, 1.0)'
        - 'hsl(360, 100%, 100%)'
        - 'hsla(360, 100%, 100%, 1.0)'
        - 'transparent'
        - 'red'
        - 0xff00ff00 (0xrrggbbaa)
      
      Bad object: {
        "width": 25,
        "height": 25,
        "borderRadius": 25,
        "backgroundColor": "@primaryColor",
        "transform": [
          {
            "scale": 0.4
          }
        ]
      }
          in View (created by AnimatedComponent)
          in AnimatedComponent (created by Spinner)
          in div (created by View)
          in View (created by Spinner)
          in Spinner
          in Spinner
          in Provider

PASS src/components/typography/__tests__/H5.spec.js
PASS src/components/typography/__tests__/H6.spec.js
PASS src/components/Progress/Progress.spec.js
PASS src/components/typography/__tests__/Em.spec.js

Test Suites: 26 passed, 26 total
Tests:       31 passed, 31 total
Snapshots:   31 passed, 31 total
Time:        4.352s
Ran all test suites.
PASS src/components/Checkbox/Checkbox.spec.js
  ● Console

    console.error node_modules/fbjs/lib/warning.js:33
      Warning: Failed prop type: Invalid prop `color` supplied to `Text`: @primaryColor
      Valid color formats are
        - '#f0f' (#rgb)
        - '#f0fc' (#rgba)
        - '#ff00ff' (#rrggbb)
        - '#ff00ff00' (#rrggbbaa)
        - 'rgb(255, 255, 255)'
        - 'rgba(255, 255, 255, 1.0)'
        - 'hsl(360, 100%, 100%)'
        - 'hsla(360, 100%, 100%, 1.0)'
        - 'transparent'
        - 'red'
        - 0xff00ff00 (0xrrggbbaa)
      
      Bad object: {
        "fontFamily": "Material Icons",
        "backgroundColor": "transparent",
        "color": "@primaryColor",
        "marginTop": 2,
        "fontSize": 18
      }
          in Text (created by Icon)
          in Icon
          in Icon (created by Checkbox)
          in div (created by View)
          in View (created by TouchableOpacity)
          in TouchableOpacity (created by Checkbox)
          in div (created by View)
          in View (created by Checkbox)
          in Checkbox
          in Checkbox
          in Provider

PASS src/components/Carousel/Carousel.spec.js
PASS src/components/Switcher/Switcher.spec.js
PASS src/components/Card/Card.spec.js
PASS src/components/typography/__tests__/H2.spec.js
PASS src/components/RadioGroup/RadioGroup.spec.js
PASS src/components/Indicator/Indicator.spec.js
  ● Console

    console.error node_modules/fbjs/lib/warning.js:33
      Warning: Failed prop type: Invalid prop `backgroundColor` supplied to `View`: @primaryColor
      Valid color formats are
        - '#f0f' (#rgb)
        - '#f0fc' (#rgba)
        - '#ff00ff' (#rrggbb)
        - '#ff00ff00' (#rrggbbaa)
        - 'rgb(255, 255, 255)'
        - 'rgba(255, 255, 255, 1.0)'
        - 'hsl(360, 100%, 100%)'
        - 'hsla(360, 100%, 100%, 1.0)'
        - 'transparent'
        - 'red'
        - 0xff00ff00 (0xrrggbbaa)
      
      Bad object: {
        "padding": 10,
        "paddingVertical": 4,
        "backgroundColor": "@primaryColor",
        "borderRadius": 20,
        "minWidth": 40,
        "top": -10,
        "left": 0,
        "marginLeft": -18
      }
          in View (created by Badge)
          in Badge
          in Badge (created by Indicator)
          in div (created by View)
          in View (created by Indicator)
          in div (created by View)
          in View (created by Indicator)
          in Indicator
          in Indicator
          in Provider

PASS src/components/Button/Button.spec.js
PASS src/components/typography/__tests__/H3.spec.js
PASS src/components/Slider/Slider.spec.js
PASS src/components/typography/__tests__/H4.spec.js
PASS src/components/typography/__tests__/A.spec.js
PASS src/components/Badge/badge.spec.js
PASS src/components/Spinner/Spinner.spec.js
  ● Console

    console.error node_modules/fbjs/lib/warning.js:33
      Warning: Failed prop type: Invalid prop `backgroundColor` supplied to `View`: @primaryColor
      Valid color formats are
        - '#f0f' (#rgb)
        - '#f0fc' (#rgba)
        - '#ff00ff' (#rrggbb)
        - '#ff00ff00' (#rrggbbaa)
        - 'rgb(255, 255, 255)'
        - 'rgba(255, 255, 255, 1.0)'
        - 'hsl(360, 100%, 100%)'
        - 'hsla(360, 100%, 100%, 1.0)'
        - 'transparent'
        - 'red'
        - 0xff00ff00 (0xrrggbbaa)
      
      Bad object: {
        "width": 25,
        "height": 25,
        "borderRadius": 25,
        "backgroundColor": "@primaryColor",
        "transform": [
          {
            "scale": 0.4
          }
        ]
      }
          in View (created by AnimatedComponent)
          in AnimatedComponent (created by Spinner)
          in div (created by View)
          in View (created by Spinner)
          in Spinner
          in Spinner
          in Provider

PASS src/components/Radio/Radio.spec.js
PASS src/components/Input/Input.spec.js
PASS src/components/typography/__tests__/P.spec.js
PASS src/components/typography/__tests__/H1.spec.js
PASS src/components/typography/__tests__/H5.spec.js
PASS src/components/Gravatar/Gravatar.spec.js
PASS src/components/SegmentedControlButton/SegmentedControlButton.spec.js
PASS src/components/Bubble/Bubble.spec.js
PASS src/components/typography/__tests__/H6.spec.js
PASS src/components/Progress/Progress.spec.js
PASS src/components/typography/__tests__/Strong.spec.js
PASS src/components/typography/__tests__/Em.spec.js

Test Suites: 26 passed, 26 total
Tests:       31 passed, 31 total
Snapshots:   31 passed, 31 total
Time:        6.143s
Ran all test suites.
PASS src/components/Card/Card.spec.js
PASS src/components/Carousel/Carousel.spec.js
PASS src/components/Indicator/Indicator.spec.js
  ● Console

    console.error node_modules/fbjs/lib/warning.js:33
      Warning: Failed prop type: Invalid prop `backgroundColor` supplied to `View`: @primaryColor
      Valid color formats are
        - '#f0f' (#rgb)
        - '#f0fc' (#rgba)
        - '#ff00ff' (#rrggbb)
        - '#ff00ff00' (#rrggbbaa)
        - 'rgb(255, 255, 255)'
        - 'rgba(255, 255, 255, 1.0)'
        - 'hsl(360, 100%, 100%)'
        - 'hsla(360, 100%, 100%, 1.0)'
        - 'transparent'
        - 'red'
        - 0xff00ff00 (0xrrggbbaa)
      
      Bad object: {
        "padding": 10,
        "paddingVertical": 4,
        "backgroundColor": "@primaryColor",
        "borderRadius": 20,
        "minWidth": 40,
        "top": -10,
        "left": 0,
        "marginLeft": -18
      }
          in View (created by Badge)
          in Badge
          in Badge (created by Indicator)
          in div (created by View)
          in View (created by Indicator)
          in div (created by View)
          in View (created by Indicator)
          in Indicator
          in Indicator
          in Provider

PASS src/components/Switcher/Switcher.spec.js
PASS src/components/Progress/Progress.spec.js
PASS src/components/Checkbox/Checkbox.spec.js
  ● Console

    console.error node_modules/fbjs/lib/warning.js:33
      Warning: Failed prop type: Invalid prop `color` supplied to `Text`: @primaryColor
      Valid color formats are
        - '#f0f' (#rgb)
        - '#f0fc' (#rgba)
        - '#ff00ff' (#rrggbb)
        - '#ff00ff00' (#rrggbbaa)
        - 'rgb(255, 255, 255)'
        - 'rgba(255, 255, 255, 1.0)'
        - 'hsl(360, 100%, 100%)'
        - 'hsla(360, 100%, 100%, 1.0)'
        - 'transparent'
        - 'red'
        - 0xff00ff00 (0xrrggbbaa)
      
      Bad object: {
        "fontFamily": "Material Icons",
        "backgroundColor": "transparent",
        "color": "@primaryColor",
        "marginTop": 2,
        "fontSize": 18
      }
          in Text (created by Icon)
          in Icon
          in Icon (created by Checkbox)
          in div (created by View)
          in View (created by TouchableOpacity)
          in TouchableOpacity (created by Checkbox)
          in div (created by View)
          in View (created by Checkbox)
          in Checkbox
          in Checkbox
          in Provider

PASS src/components/Radio/Radio.spec.js
PASS src/components/SegmentedControlButton/SegmentedControlButton.spec.js
PASS src/components/typography/__tests__/Strong.spec.js
PASS src/components/Bubble/Bubble.spec.js
PASS src/components/Input/Input.spec.js
PASS src/components/typography/__tests__/A.spec.js
PASS src/components/Button/Button.spec.js
PASS src/components/typography/__tests__/H3.spec.js
PASS src/components/Badge/badge.spec.js
PASS src/components/typography/__tests__/P.spec.js
PASS src/components/typography/__tests__/H5.spec.js
PASS src/components/typography/__tests__/H4.spec.js
PASS src/components/Slider/Slider.spec.js
PASS src/components/Spinner/Spinner.spec.js
  ● Console

    console.error node_modules/fbjs/lib/warning.js:33
      Warning: Failed prop type: Invalid prop `backgroundColor` supplied to `View`: @primaryColor
      Valid color formats are
        - '#f0f' (#rgb)
        - '#f0fc' (#rgba)
        - '#ff00ff' (#rrggbb)
        - '#ff00ff00' (#rrggbbaa)
        - 'rgb(255, 255, 255)'
        - 'rgba(255, 255, 255, 1.0)'
        - 'hsl(360, 100%, 100%)'
        - 'hsla(360, 100%, 100%, 1.0)'
        - 'transparent'
        - 'red'
        - 0xff00ff00 (0xrrggbbaa)
      
      Bad object: {
        "width": 25,
        "height": 25,
        "borderRadius": 25,
        "backgroundColor": "@primaryColor",
        "transform": [
          {
            "scale": 0.4
          }
        ]
      }
          in View (created by AnimatedComponent)
          in AnimatedComponent (created by Spinner)
          in div (created by View)
          in View (created by Spinner)
          in Spinner
          in Spinner
          in Provider

PASS src/components/typography/__tests__/Em.spec.js
PASS src/components/typography/__tests__/H2.spec.js
PASS src/components/typography/__tests__/H6.spec.js
PASS src/components/typography/__tests__/H1.spec.js
PASS src/components/RadioGroup/RadioGroup.spec.js
PASS src/components/Gravatar/Gravatar.spec.js

Test Suites: 26 passed, 26 total
Tests:       31 passed, 31 total
Snapshots:   31 passed, 31 total
Time:        4.537s
Ran all test suites.
PASS src/components/Indicator/Indicator.spec.js
  ● Console

    console.error node_modules/fbjs/lib/warning.js:33
      Warning: Failed prop type: Invalid prop `backgroundColor` supplied to `View`: @primaryColor
      Valid color formats are
        - '#f0f' (#rgb)
        - '#f0fc' (#rgba)
        - '#ff00ff' (#rrggbb)
        - '#ff00ff00' (#rrggbbaa)
        - 'rgb(255, 255, 255)'
        - 'rgba(255, 255, 255, 1.0)'
        - 'hsl(360, 100%, 100%)'
        - 'hsla(360, 100%, 100%, 1.0)'
        - 'transparent'
        - 'red'
        - 0xff00ff00 (0xrrggbbaa)
      
      Bad object: {
        "padding": 10,
        "paddingVertical": 4,
        "backgroundColor": "@primaryColor",
        "borderRadius": 20,
        "minWidth": 40,
        "top": -10,
        "left": 0,
        "marginLeft": -18
      }
          in View (created by Badge)
          in Badge
          in Badge (created by Indicator)
          in div (created by View)
          in View (created by Indicator)
          in div (created by View)
          in View (created by Indicator)
          in Indicator
          in Indicator
          in Provider

PASS src/components/Button/Button.spec.js
PASS src/components/Checkbox/Checkbox.spec.js
  ● Console

    console.error node_modules/fbjs/lib/warning.js:33
      Warning: Failed prop type: Invalid prop `color` supplied to `Text`: @primaryColor
      Valid color formats are
        - '#f0f' (#rgb)
        - '#f0fc' (#rgba)
        - '#ff00ff' (#rrggbb)
        - '#ff00ff00' (#rrggbbaa)
        - 'rgb(255, 255, 255)'
        - 'rgba(255, 255, 255, 1.0)'
        - 'hsl(360, 100%, 100%)'
        - 'hsla(360, 100%, 100%, 1.0)'
        - 'transparent'
        - 'red'
        - 0xff00ff00 (0xrrggbbaa)
      
      Bad object: {
        "fontFamily": "Material Icons",
        "backgroundColor": "transparent",
        "color": "@primaryColor",
        "marginTop": 2,
        "fontSize": 18
      }
          in Text (created by Icon)
          in Icon
          in Icon (created by Checkbox)
          in div (created by View)
          in View (created by TouchableOpacity)
          in TouchableOpacity (created by Checkbox)
          in div (created by View)
          in View (created by Checkbox)
          in Checkbox
          in Checkbox
          in Provider

PASS src/components/Carousel/Carousel.spec.js
PASS src/components/Slider/Slider.spec.js
PASS src/components/Card/Card.spec.js
PASS src/components/RadioGroup/RadioGroup.spec.js
PASS src/components/SegmentedControlButton/SegmentedControlButton.spec.js
PASS src/components/Input/Input.spec.js
PASS src/components/typography/__tests__/Strong.spec.js
PASS src/components/typography/__tests__/A.spec.js
PASS src/components/Badge/badge.spec.js
PASS src/components/Gravatar/Gravatar.spec.js
PASS src/components/Switcher/Switcher.spec.js
PASS src/components/Bubble/Bubble.spec.js
PASS src/components/Progress/Progress.spec.js
PASS src/components/typography/__tests__/H5.spec.js
PASS src/components/typography/__tests__/H2.spec.js
PASS src/components/typography/__tests__/P.spec.js
PASS src/components/typography/__tests__/H1.spec.js
PASS src/components/Spinner/Spinner.spec.js
  ● Console

    console.error node_modules/fbjs/lib/warning.js:33
      Warning: Failed prop type: Invalid prop `backgroundColor` supplied to `View`: @primaryColor
      Valid color formats are
        - '#f0f' (#rgb)
        - '#f0fc' (#rgba)
        - '#ff00ff' (#rrggbb)
        - '#ff00ff00' (#rrggbbaa)
        - 'rgb(255, 255, 255)'
        - 'rgba(255, 255, 255, 1.0)'
        - 'hsl(360, 100%, 100%)'
        - 'hsla(360, 100%, 100%, 1.0)'
        - 'transparent'
        - 'red'
        - 0xff00ff00 (0xrrggbbaa)
      
      Bad object: {
        "width": 25,
        "height": 25,
        "borderRadius": 25,
        "backgroundColor": "@primaryColor",
        "transform": [
          {
            "scale": 0.4
          }
        ]
      }
          in View (created by AnimatedComponent)
          in AnimatedComponent (created by Spinner)
          in div (created by View)
          in View (created by Spinner)
          in Spinner
          in Spinner
          in Provider

PASS src/components/typography/__tests__/Em.spec.js
PASS src/components/Radio/Radio.spec.js
PASS src/components/typography/__tests__/H3.spec.js
PASS src/components/typography/__tests__/H4.spec.js
PASS src/components/typography/__tests__/H6.spec.js

Test Suites: 26 passed, 26 total
Tests:       31 passed, 31 total
Snapshots:   31 passed, 31 total
Time:        4.188s
Ran all test suites.
PASS src/components/Indicator/Indicator.spec.js
  ● Console

    console.error node_modules/fbjs/lib/warning.js:33
      Warning: Failed prop type: Invalid prop `backgroundColor` supplied to `View`: @primaryColor
      Valid color formats are
        - '#f0f' (#rgb)
        - '#f0fc' (#rgba)
        - '#ff00ff' (#rrggbb)
        - '#ff00ff00' (#rrggbbaa)
        - 'rgb(255, 255, 255)'
        - 'rgba(255, 255, 255, 1.0)'
        - 'hsl(360, 100%, 100%)'
        - 'hsla(360, 100%, 100%, 1.0)'
        - 'transparent'
        - 'red'
        - 0xff00ff00 (0xrrggbbaa)
      
      Bad object: {
        "padding": 10,
        "paddingVertical": 4,
        "backgroundColor": "@primaryColor",
        "borderRadius": 20,
        "minWidth": 40,
        "top": -10,
        "left": 0,
        "marginLeft": -18
      }
          in View (created by Badge)
          in Badge
          in Badge (created by Indicator)
          in div (created by View)
          in View (created by Indicator)
          in div (created by View)
          in View (created by Indicator)
          in Indicator
          in Indicator
          in Provider

PASS src/components/Input/Input.spec.js
PASS src/components/Switcher/Switcher.spec.js
PASS src/components/Checkbox/Checkbox.spec.js
  ● Console

    console.error node_modules/fbjs/lib/warning.js:33
      Warning: Failed prop type: Invalid prop `color` supplied to `Text`: @primaryColor
      Valid color formats are
        - '#f0f' (#rgb)
        - '#f0fc' (#rgba)
        - '#ff00ff' (#rrggbb)
        - '#ff00ff00' (#rrggbbaa)
        - 'rgb(255, 255, 255)'
        - 'rgba(255, 255, 255, 1.0)'
        - 'hsl(360, 100%, 100%)'
        - 'hsla(360, 100%, 100%, 1.0)'
        - 'transparent'
        - 'red'
        - 0xff00ff00 (0xrrggbbaa)
      
      Bad object: {
        "fontFamily": "Material Icons",
        "backgroundColor": "transparent",
        "color": "@primaryColor",
        "marginTop": 2,
        "fontSize": 18
      }
          in Text (created by Icon)
          in Icon
          in Icon (created by Checkbox)
          in div (created by View)
          in View (created by TouchableOpacity)
          in TouchableOpacity (created by Checkbox)
          in div (created by View)
          in View (created by Checkbox)
          in Checkbox
          in Checkbox
          in Provider

PASS src/components/Button/Button.spec.js
PASS src/components/Card/Card.spec.js
PASS src/components/Slider/Slider.spec.js
PASS src/components/RadioGroup/RadioGroup.spec.js
PASS src/components/typography/__tests__/H1.spec.js
PASS src/components/Progress/Progress.spec.js
PASS src/components/Badge/badge.spec.js
PASS src/components/Gravatar/Gravatar.spec.js
PASS src/components/Carousel/Carousel.spec.js
PASS src/components/Bubble/Bubble.spec.js
PASS src/components/SegmentedControlButton/SegmentedControlButton.spec.js
PASS src/components/Radio/Radio.spec.js
PASS src/components/typography/__tests__/H4.spec.js
PASS src/components/typography/__tests__/H3.spec.js
PASS src/components/typography/__tests__/P.spec.js
PASS src/components/Spinner/Spinner.spec.js
  ● Console

    console.error node_modules/fbjs/lib/warning.js:33
      Warning: Failed prop type: Invalid prop `backgroundColor` supplied to `View`: @primaryColor
      Valid color formats are
        - '#f0f' (#rgb)
        - '#f0fc' (#rgba)
        - '#ff00ff' (#rrggbb)
        - '#ff00ff00' (#rrggbbaa)
        - 'rgb(255, 255, 255)'
        - 'rgba(255, 255, 255, 1.0)'
        - 'hsl(360, 100%, 100%)'
        - 'hsla(360, 100%, 100%, 1.0)'
        - 'transparent'
        - 'red'
        - 0xff00ff00 (0xrrggbbaa)
      
      Bad object: {
        "width": 25,
        "height": 25,
        "borderRadius": 25,
        "backgroundColor": "@primaryColor",
        "transform": [
          {
            "scale": 0.4
          }
        ]
      }
          in View (created by AnimatedComponent)
          in AnimatedComponent (created by Spinner)
          in div (created by View)
          in View (created by Spinner)
          in Spinner
          in Spinner
          in Provider

PASS src/components/typography/__tests__/Strong.spec.js
PASS src/components/typography/__tests__/A.spec.js
PASS src/components/typography/__tests__/H5.spec.js
PASS src/components/typography/__tests__/Em.spec.js
PASS src/components/typography/__tests__/H6.spec.js
PASS src/components/typography/__tests__/H2.spec.js

Test Suites: 26 passed, 26 total
Tests:       31 passed, 31 total
Snapshots:   31 passed, 31 total
Time:        4.524s
Ran all test suites.
PASS src/components/Switcher/Switcher.spec.js
PASS src/components/Checkbox/Checkbox.spec.js
  ● Console

    console.error node_modules/fbjs/lib/warning.js:33
      Warning: Failed prop type: Invalid prop `color` supplied to `Text`: @primaryColor
      Valid color formats are
        - '#f0f' (#rgb)
        - '#f0fc' (#rgba)
        - '#ff00ff' (#rrggbb)
        - '#ff00ff00' (#rrggbbaa)
        - 'rgb(255, 255, 255)'
        - 'rgba(255, 255, 255, 1.0)'
        - 'hsl(360, 100%, 100%)'
        - 'hsla(360, 100%, 100%, 1.0)'
        - 'transparent'
        - 'red'
        - 0xff00ff00 (0xrrggbbaa)
      
      Bad object: {
        "fontFamily": "Material Icons",
        "backgroundColor": "transparent",
        "color": "@primaryColor",
        "marginTop": 2,
        "fontSize": 18
      }
          in Text (created by Icon)
          in Icon
          in Icon (created by Checkbox)
          in div (created by View)
          in View (created by TouchableOpacity)
          in TouchableOpacity (created by Checkbox)
          in div (created by View)
          in View (created by Checkbox)
          in Checkbox
          in Checkbox
          in Provider

PASS src/components/Card/Card.spec.js
PASS src/components/Gravatar/Gravatar.spec.js
PASS src/components/Input/Input.spec.js
PASS src/components/typography/__tests__/H1.spec.js
PASS src/components/RadioGroup/RadioGroup.spec.js
PASS src/components/Carousel/Carousel.spec.js
PASS src/components/Button/Button.spec.js
PASS src/components/Indicator/Indicator.spec.js
  ● Console

    console.error node_modules/fbjs/lib/warning.js:33
      Warning: Failed prop type: Invalid prop `backgroundColor` supplied to `View`: @primaryColor
      Valid color formats are
        - '#f0f' (#rgb)
        - '#f0fc' (#rgba)
        - '#ff00ff' (#rrggbb)
        - '#ff00ff00' (#rrggbbaa)
        - 'rgb(255, 255, 255)'
        - 'rgba(255, 255, 255, 1.0)'
        - 'hsl(360, 100%, 100%)'
        - 'hsla(360, 100%, 100%, 1.0)'
        - 'transparent'
        - 'red'
        - 0xff00ff00 (0xrrggbbaa)
      
      Bad object: {
        "padding": 10,
        "paddingVertical": 4,
        "backgroundColor": "@primaryColor",
        "borderRadius": 20,
        "minWidth": 40,
        "top": -10,
        "left": 0,
        "marginLeft": -18
      }
          in View (created by Badge)
          in Badge
          in Badge (created by Indicator)
          in div (created by View)
          in View (created by Indicator)
          in div (created by View)
          in View (created by Indicator)
          in Indicator
          in Indicator
          in Provider

PASS src/components/typography/__tests__/Strong.spec.js
PASS src/components/Progress/Progress.spec.js
PASS src/components/typography/__tests__/A.spec.js
PASS src/components/Bubble/Bubble.spec.js
PASS src/components/Slider/Slider.spec.js
PASS src/components/Spinner/Spinner.spec.js
  ● Console

    console.error node_modules/fbjs/lib/warning.js:33
      Warning: Failed prop type: Invalid prop `backgroundColor` supplied to `View`: @primaryColor
      Valid color formats are
        - '#f0f' (#rgb)
        - '#f0fc' (#rgba)
        - '#ff00ff' (#rrggbb)
        - '#ff00ff00' (#rrggbbaa)
        - 'rgb(255, 255, 255)'
        - 'rgba(255, 255, 255, 1.0)'
        - 'hsl(360, 100%, 100%)'
        - 'hsla(360, 100%, 100%, 1.0)'
        - 'transparent'
        - 'red'
        - 0xff00ff00 (0xrrggbbaa)
      
      Bad object: {
        "width": 25,
        "height": 25,
        "borderRadius": 25,
        "backgroundColor": "@primaryColor",
        "transform": [
          {
            "scale": 0.4
          }
        ]
      }
          in View (created by AnimatedComponent)
          in AnimatedComponent (created by Spinner)
          in div (created by View)
          in View (created by Spinner)
          in Spinner
          in Spinner
          in Provider

PASS src/components/typography/__tests__/H4.spec.js
PASS src/components/Badge/badge.spec.js
PASS src/components/Radio/Radio.spec.js
PASS src/components/typography/__tests__/H3.spec.js
PASS src/components/SegmentedControlButton/SegmentedControlButton.spec.js
PASS src/components/typography/__tests__/H2.spec.js
PASS src/components/typography/__tests__/P.spec.js
PASS src/components/typography/__tests__/H5.spec.js
PASS src/components/typography/__tests__/Em.spec.js
PASS src/components/typography/__tests__/H6.spec.js

Test Suites: 26 passed, 26 total
Tests:       31 passed, 31 total
Snapshots:   31 passed, 31 total
Time:        4.772s
Ran all test suites.
PASS src/components/Card/Card.spec.js
PASS src/components/Carousel/Carousel.spec.js
PASS src/components/Indicator/Indicator.spec.js
  ● Console

    console.error node_modules/fbjs/lib/warning.js:33
      Warning: Failed prop type: Invalid prop `backgroundColor` supplied to `View`: @primaryColor
      Valid color formats are
        - '#f0f' (#rgb)
        - '#f0fc' (#rgba)
        - '#ff00ff' (#rrggbb)
        - '#ff00ff00' (#rrggbbaa)
        - 'rgb(255, 255, 255)'
        - 'rgba(255, 255, 255, 1.0)'
        - 'hsl(360, 100%, 100%)'
        - 'hsla(360, 100%, 100%, 1.0)'
        - 'transparent'
        - 'red'
        - 0xff00ff00 (0xrrggbbaa)
      
      Bad object: {
        "padding": 10,
        "paddingVertical": 4,
        "backgroundColor": "@primaryColor",
        "borderRadius": 20,
        "minWidth": 40,
        "top": -10,
        "left": 0,
        "marginLeft": -18
      }
          in View (created by Badge)
          in Badge
          in Badge (created by Indicator)
          in div (created by View)
          in View (created by Indicator)
          in div (created by View)
          in View (created by Indicator)
          in Indicator
          in Indicator
          in Provider

PASS src/components/Button/Button.spec.js
PASS src/components/Checkbox/Checkbox.spec.js
  ● Console

    console.error node_modules/fbjs/lib/warning.js:33
      Warning: Failed prop type: Invalid prop `color` supplied to `Text`: @primaryColor
      Valid color formats are
        - '#f0f' (#rgb)
        - '#f0fc' (#rgba)
        - '#ff00ff' (#rrggbb)
        - '#ff00ff00' (#rrggbbaa)
        - 'rgb(255, 255, 255)'
        - 'rgba(255, 255, 255, 1.0)'
        - 'hsl(360, 100%, 100%)'
        - 'hsla(360, 100%, 100%, 1.0)'
        - 'transparent'
        - 'red'
        - 0xff00ff00 (0xrrggbbaa)
      
      Bad object: {
        "fontFamily": "Material Icons",
        "backgroundColor": "transparent",
        "color": "@primaryColor",
        "marginTop": 2,
        "fontSize": 18
      }
          in Text (created by Icon)
          in Icon
          in Icon (created by Checkbox)
          in div (created by View)
          in View (created by TouchableOpacity)
          in TouchableOpacity (created by Checkbox)
          in div (created by View)
          in View (created by Checkbox)
          in Checkbox
          in Checkbox
          in Provider

PASS src/components/Input/Input.spec.js
PASS src/components/Spinner/Spinner.spec.js
  ● Console

    console.error node_modules/fbjs/lib/warning.js:33
      Warning: Failed prop type: Invalid prop `backgroundColor` supplied to `View`: @primaryColor
      Valid color formats are
        - '#f0f' (#rgb)
        - '#f0fc' (#rgba)
        - '#ff00ff' (#rrggbb)
        - '#ff00ff00' (#rrggbbaa)
        - 'rgb(255, 255, 255)'
        - 'rgba(255, 255, 255, 1.0)'
        - 'hsl(360, 100%, 100%)'
        - 'hsla(360, 100%, 100%, 1.0)'
        - 'transparent'
        - 'red'
        - 0xff00ff00 (0xrrggbbaa)
      
      Bad object: {
        "width": 25,
        "height": 25,
        "borderRadius": 25,
        "backgroundColor": "@primaryColor",
        "transform": [
          {
            "scale": 0.4
          }
        ]
      }
          in View (created by AnimatedComponent)
          in AnimatedComponent (created by Spinner)
          in div (created by View)
          in View (created by Spinner)
          in Spinner
          in Spinner
          in Provider

PASS src/components/Badge/badge.spec.js
PASS src/components/Slider/Slider.spec.js
PASS src/components/Gravatar/Gravatar.spec.js
PASS src/components/typography/__tests__/P.spec.js
PASS src/components/Switcher/Switcher.spec.js
PASS src/components/typography/__tests__/A.spec.js
PASS src/components/typography/__tests__/H2.spec.js
PASS src/components/Progress/Progress.spec.js
PASS src/components/RadioGroup/RadioGroup.spec.js
PASS src/components/Bubble/Bubble.spec.js
PASS src/components/typography/__tests__/H1.spec.js
PASS src/components/typography/__tests__/H6.spec.js
PASS src/components/typography/__tests__/H3.spec.js
PASS src/components/typography/__tests__/Strong.spec.js
PASS src/components/Radio/Radio.spec.js
PASS src/components/typography/__tests__/H5.spec.js
PASS src/components/typography/__tests__/Em.spec.js
PASS src/components/SegmentedControlButton/SegmentedControlButton.spec.js
PASS src/components/typography/__tests__/H4.spec.js

Test Suites: 26 passed, 26 total
Tests:       31 passed, 31 total
Snapshots:   31 passed, 31 total
Time:        4.843s
Ran all test suites.
PASS src/components/Input/Input.spec.js
PASS src/components/Card/Card.spec.js
PASS src/components/Button/Button.spec.js
PASS src/components/Checkbox/Checkbox.spec.js
  ● Console

    console.error node_modules/fbjs/lib/warning.js:33
      Warning: Failed prop type: Invalid prop `color` supplied to `Text`: @primaryColor
      Valid color formats are
        - '#f0f' (#rgb)
        - '#f0fc' (#rgba)
        - '#ff00ff' (#rrggbb)
        - '#ff00ff00' (#rrggbbaa)
        - 'rgb(255, 255, 255)'
        - 'rgba(255, 255, 255, 1.0)'
        - 'hsl(360, 100%, 100%)'
        - 'hsla(360, 100%, 100%, 1.0)'
        - 'transparent'
        - 'red'
        - 0xff00ff00 (0xrrggbbaa)
      
      Bad object: {
        "fontFamily": "Material Icons",
        "backgroundColor": "transparent",
        "color": "@primaryColor",
        "marginTop": 2,
        "fontSize": 18
      }
          in Text (created by Icon)
          in Icon
          in Icon (created by Checkbox)
          in div (created by View)
          in View (created by TouchableOpacity)
          in TouchableOpacity (created by Checkbox)
          in div (created by View)
          in View (created by Checkbox)
          in Checkbox
          in Checkbox
          in Provider

PASS src/components/Switcher/Switcher.spec.js
PASS src/components/Indicator/Indicator.spec.js
  ● Console

    console.error node_modules/fbjs/lib/warning.js:33
      Warning: Failed prop type: Invalid prop `backgroundColor` supplied to `View`: @primaryColor
      Valid color formats are
        - '#f0f' (#rgb)
        - '#f0fc' (#rgba)
        - '#ff00ff' (#rrggbb)
        - '#ff00ff00' (#rrggbbaa)
        - 'rgb(255, 255, 255)'
        - 'rgba(255, 255, 255, 1.0)'
        - 'hsl(360, 100%, 100%)'
        - 'hsla(360, 100%, 100%, 1.0)'
        - 'transparent'
        - 'red'
        - 0xff00ff00 (0xrrggbbaa)
      
      Bad object: {
        "padding": 10,
        "paddingVertical": 4,
        "backgroundColor": "@primaryColor",
        "borderRadius": 20,
        "minWidth": 40,
        "top": -10,
        "left": 0,
        "marginLeft": -18
      }
          in View (created by Badge)
          in Badge
          in Badge (created by Indicator)
          in div (created by View)
          in View (created by Indicator)
          in div (created by View)
          in View (created by Indicator)
          in Indicator
          in Indicator
          in Provider

PASS src/components/Carousel/Carousel.spec.js
PASS src/components/RadioGroup/RadioGroup.spec.js
PASS src/components/Gravatar/Gravatar.spec.js
PASS src/components/typography/__tests__/H6.spec.js
PASS src/components/Bubble/Bubble.spec.js
PASS src/components/Slider/Slider.spec.js
PASS src/components/typography/__tests__/P.spec.js
PASS src/components/typography/__tests__/H1.spec.js
PASS src/components/Badge/badge.spec.js
PASS src/components/typography/__tests__/Strong.spec.js
PASS src/components/typography/__tests__/Em.spec.js
PASS src/components/Spinner/Spinner.spec.js
  ● Console

    console.error node_modules/fbjs/lib/warning.js:33
      Warning: Failed prop type: Invalid prop `backgroundColor` supplied to `View`: @primaryColor
      Valid color formats are
        - '#f0f' (#rgb)
        - '#f0fc' (#rgba)
        - '#ff00ff' (#rrggbb)
        - '#ff00ff00' (#rrggbbaa)
        - 'rgb(255, 255, 255)'
        - 'rgba(255, 255, 255, 1.0)'
        - 'hsl(360, 100%, 100%)'
        - 'hsla(360, 100%, 100%, 1.0)'
        - 'transparent'
        - 'red'
        - 0xff00ff00 (0xrrggbbaa)
      
      Bad object: {
        "width": 25,
        "height": 25,
        "borderRadius": 25,
        "backgroundColor": "@primaryColor",
        "transform": [
          {
            "scale": 0.4
          }
        ]
      }
          in View (created by AnimatedComponent)
          in AnimatedComponent (created by Spinner)
          in div (created by View)
          in View (created by Spinner)
          in Spinner
          in Spinner
          in Provider

PASS src/components/typography/__tests__/H2.spec.js
PASS src/components/Radio/Radio.spec.js
PASS src/components/typography/__tests__/H4.spec.js
PASS src/components/typography/__tests__/H5.spec.js
PASS src/components/typography/__tests__/A.spec.js
PASS src/components/SegmentedControlButton/SegmentedControlButton.spec.js
PASS src/components/Progress/Progress.spec.js
PASS src/components/typography/__tests__/H3.spec.js

Test Suites: 26 passed, 26 total
Tests:       31 passed, 31 total
Snapshots:   31 passed, 31 total
Time:        4.371s
Ran all test suites.
PASS src/components/Checkbox/Checkbox.spec.js
  ● Console

    console.error node_modules/fbjs/lib/warning.js:33
      Warning: Failed prop type: Invalid prop `color` supplied to `Text`: @primaryColor
      Valid color formats are
        - '#f0f' (#rgb)
        - '#f0fc' (#rgba)
        - '#ff00ff' (#rrggbb)
        - '#ff00ff00' (#rrggbbaa)
        - 'rgb(255, 255, 255)'
        - 'rgba(255, 255, 255, 1.0)'
        - 'hsl(360, 100%, 100%)'
        - 'hsla(360, 100%, 100%, 1.0)'
        - 'transparent'
        - 'red'
        - 0xff00ff00 (0xrrggbbaa)
      
      Bad object: {
        "fontFamily": "Material Icons",
        "backgroundColor": "transparent",
        "color": "@primaryColor",
        "marginTop": 2,
        "fontSize": 18
      }
          in Text (created by Icon)
          in Icon
          in Icon (created by Checkbox)
          in div (created by View)
          in View (created by TouchableOpacity)
          in TouchableOpacity (created by Checkbox)
          in div (created by View)
          in View (created by Checkbox)
          in Checkbox
          in Checkbox
          in Provider

PASS src/components/Carousel/Carousel.spec.js
PASS src/components/Indicator/Indicator.spec.js
  ● Console

    console.error node_modules/fbjs/lib/warning.js:33
      Warning: Failed prop type: Invalid prop `backgroundColor` supplied to `View`: @primaryColor
      Valid color formats are
        - '#f0f' (#rgb)
        - '#f0fc' (#rgba)
        - '#ff00ff' (#rrggbb)
        - '#ff00ff00' (#rrggbbaa)
        - 'rgb(255, 255, 255)'
        - 'rgba(255, 255, 255, 1.0)'
        - 'hsl(360, 100%, 100%)'
        - 'hsla(360, 100%, 100%, 1.0)'
        - 'transparent'
        - 'red'
        - 0xff00ff00 (0xrrggbbaa)
      
      Bad object: {
        "padding": 10,
        "paddingVertical": 4,
        "backgroundColor": "@primaryColor",
        "borderRadius": 20,
        "minWidth": 40,
        "top": -10,
        "left": 0,
        "marginLeft": -18
      }
          in View (created by Badge)
          in Badge
          in Badge (created by Indicator)
          in div (created by View)
          in View (created by Indicator)
          in div (created by View)
          in View (created by Indicator)
          in Indicator
          in Indicator
          in Provider

PASS src/components/RadioGroup/RadioGroup.spec.js
PASS src/components/Radio/Radio.spec.js
PASS src/components/Button/Button.spec.js
PASS src/components/Progress/Progress.spec.js
PASS src/components/Slider/Slider.spec.js
PASS src/components/Card/Card.spec.js
PASS src/components/Switcher/Switcher.spec.js
PASS src/components/Bubble/Bubble.spec.js
PASS src/components/typography/__tests__/P.spec.js
PASS src/components/Input/Input.spec.js
PASS src/components/Gravatar/Gravatar.spec.js
PASS src/components/typography/__tests__/H1.spec.js
PASS src/components/typography/__tests__/A.spec.js
PASS src/components/Badge/badge.spec.js
PASS src/components/typography/__tests__/Strong.spec.js
PASS src/components/Spinner/Spinner.spec.js
  ● Console

    console.error node_modules/fbjs/lib/warning.js:33
      Warning: Failed prop type: Invalid prop `backgroundColor` supplied to `View`: @primaryColor
      Valid color formats are
        - '#f0f' (#rgb)
        - '#f0fc' (#rgba)
        - '#ff00ff' (#rrggbb)
        - '#ff00ff00' (#rrggbbaa)
        - 'rgb(255, 255, 255)'
        - 'rgba(255, 255, 255, 1.0)'
        - 'hsl(360, 100%, 100%)'
        - 'hsla(360, 100%, 100%, 1.0)'
        - 'transparent'
        - 'red'
        - 0xff00ff00 (0xrrggbbaa)
      
      Bad object: {
        "width": 25,
        "height": 25,
        "borderRadius": 25,
        "backgroundColor": "@primaryColor",
        "transform": [
          {
            "scale": 0.4
          }
        ]
      }
          in View (created by AnimatedComponent)
          in AnimatedComponent (created by Spinner)
          in div (created by View)
          in View (created by Spinner)
          in Spinner
          in Spinner
          in Provider

PASS src/components/typography/__tests__/H3.spec.js
PASS src/components/typography/__tests__/H2.spec.js
PASS src/components/typography/__tests__/H6.spec.js
PASS src/components/typography/__tests__/Em.spec.js
PASS src/components/typography/__tests__/H4.spec.js
PASS src/components/typography/__tests__/H5.spec.js
PASS src/components/SegmentedControlButton/SegmentedControlButton.spec.js

Test Suites: 26 passed, 26 total
Tests:       31 passed, 31 total
Snapshots:   31 passed, 31 total
Time:        5.827s
Ran all test suites.
PASS src/components/Input/Input.spec.js
PASS src/components/Checkbox/Checkbox.spec.js
  ● Console

    console.error node_modules/fbjs/lib/warning.js:33
      Warning: Failed prop type: Invalid prop `color` supplied to `Text`: @primaryColor
      Valid color formats are
        - '#f0f' (#rgb)
        - '#f0fc' (#rgba)
        - '#ff00ff' (#rrggbb)
        - '#ff00ff00' (#rrggbbaa)
        - 'rgb(255, 255, 255)'
        - 'rgba(255, 255, 255, 1.0)'
        - 'hsl(360, 100%, 100%)'
        - 'hsla(360, 100%, 100%, 1.0)'
        - 'transparent'
        - 'red'
        - 0xff00ff00 (0xrrggbbaa)
      
      Bad object: {
        "fontFamily": "Material Icons",
        "backgroundColor": "transparent",
        "color": "@primaryColor",
        "marginTop": 2,
        "fontSize": 18
      }
          in Text (created by Icon)
          in Icon
          in Icon (created by Checkbox)
          in div (created by View)
          in View (created by TouchableOpacity)
          in TouchableOpacity (created by Checkbox)
          in div (created by View)
          in View (created by Checkbox)
          in Checkbox
          in Checkbox
          in Provider

PASS src/components/Indicator/Indicator.spec.js
  ● Console

    console.error node_modules/fbjs/lib/warning.js:33
      Warning: Failed prop type: Invalid prop `backgroundColor` supplied to `View`: @primaryColor
      Valid color formats are
        - '#f0f' (#rgb)
        - '#f0fc' (#rgba)
        - '#ff00ff' (#rrggbb)
        - '#ff00ff00' (#rrggbbaa)
        - 'rgb(255, 255, 255)'
        - 'rgba(255, 255, 255, 1.0)'
        - 'hsl(360, 100%, 100%)'
        - 'hsla(360, 100%, 100%, 1.0)'
        - 'transparent'
        - 'red'
        - 0xff00ff00 (0xrrggbbaa)
      
      Bad object: {
        "padding": 10,
        "paddingVertical": 4,
        "backgroundColor": "@primaryColor",
        "borderRadius": 20,
        "minWidth": 40,
        "top": -10,
        "left": 0,
        "marginLeft": -18
      }
          in View (created by Badge)
          in Badge
          in Badge (created by Indicator)
          in div (created by View)
          in View (created by Indicator)
          in div (created by View)
          in View (created by Indicator)
          in Indicator
          in Indicator
          in Provider

PASS src/components/Carousel/Carousel.spec.js
PASS src/components/Button/Button.spec.js
PASS src/components/Card/Card.spec.js
PASS src/components/Badge/badge.spec.js
PASS src/components/Gravatar/Gravatar.spec.js
PASS src/components/typography/__tests__/H2.spec.js
PASS src/components/typography/__tests__/P.spec.js
PASS src/components/RadioGroup/RadioGroup.spec.js
PASS src/components/Progress/Progress.spec.js
PASS src/components/Bubble/Bubble.spec.js
PASS src/components/typography/__tests__/A.spec.js
PASS src/components/typography/__tests__/H1.spec.js
PASS src/components/Radio/Radio.spec.js
PASS src/components/Switcher/Switcher.spec.js
PASS src/components/typography/__tests__/H6.spec.js
PASS src/components/Spinner/Spinner.spec.js
  ● Console

    console.error node_modules/fbjs/lib/warning.js:33
      Warning: Failed prop type: Invalid prop `backgroundColor` supplied to `View`: @primaryColor
      Valid color formats are
        - '#f0f' (#rgb)
        - '#f0fc' (#rgba)
        - '#ff00ff' (#rrggbb)
        - '#ff00ff00' (#rrggbbaa)
        - 'rgb(255, 255, 255)'
        - 'rgba(255, 255, 255, 1.0)'
        - 'hsl(360, 100%, 100%)'
        - 'hsla(360, 100%, 100%, 1.0)'
        - 'transparent'
        - 'red'
        - 0xff00ff00 (0xrrggbbaa)
      
      Bad object: {
        "width": 25,
        "height": 25,
        "borderRadius": 25,
        "backgroundColor": "@primaryColor",
        "transform": [
          {
            "scale": 0.4
          }
        ]
      }
          in View (created by AnimatedComponent)
          in AnimatedComponent (created by Spinner)
          in div (created by View)
          in View (created by Spinner)
          in Spinner
          in Spinner
          in Provider

PASS src/components/Slider/Slider.spec.js
PASS src/components/SegmentedControlButton/SegmentedControlButton.spec.js
PASS src/components/typography/__tests__/H3.spec.js
PASS src/components/typography/__tests__/H4.spec.js
PASS src/components/typography/__tests__/H5.spec.js
PASS src/components/typography/__tests__/Strong.spec.js
PASS src/components/typography/__tests__/Em.spec.js

Test Suites: 26 passed, 26 total
Tests:       31 passed, 31 total
Snapshots:   31 passed, 31 total
Time:        4.703s
Ran all test suites.
PASS src/components/Input/Input.spec.js
PASS src/components/Button/Button.spec.js
PASS src/components/Indicator/Indicator.spec.js
  ● Console

    console.error node_modules/fbjs/lib/warning.js:33
      Warning: Failed prop type: Invalid prop `backgroundColor` supplied to `View`: @primaryColor
      Valid color formats are
        - '#f0f' (#rgb)
        - '#f0fc' (#rgba)
        - '#ff00ff' (#rrggbb)
        - '#ff00ff00' (#rrggbbaa)
        - 'rgb(255, 255, 255)'
        - 'rgba(255, 255, 255, 1.0)'
        - 'hsl(360, 100%, 100%)'
        - 'hsla(360, 100%, 100%, 1.0)'
        - 'transparent'
        - 'red'
        - 0xff00ff00 (0xrrggbbaa)
      
      Bad object: {
        "padding": 10,
        "paddingVertical": 4,
        "backgroundColor": "@primaryColor",
        "borderRadius": 20,
        "minWidth": 40,
        "top": -10,
        "left": 0,
        "marginLeft": -18
      }
          in View (created by Badge)
          in Badge
          in Badge (created by Indicator)
          in div (created by View)
          in View (created by Indicator)
          in div (created by View)
          in View (created by Indicator)
          in Indicator
          in Indicator
          in Provider

PASS src/components/Card/Card.spec.js
PASS src/components/Switcher/Switcher.spec.js
PASS src/components/Radio/Radio.spec.js
PASS src/components/Carousel/Carousel.spec.js
PASS src/components/Progress/Progress.spec.js
PASS src/components/RadioGroup/RadioGroup.spec.js
PASS src/components/Spinner/Spinner.spec.js
  ● Console

    console.error node_modules/fbjs/lib/warning.js:33
      Warning: Failed prop type: Invalid prop `backgroundColor` supplied to `View`: @primaryColor
      Valid color formats are
        - '#f0f' (#rgb)
        - '#f0fc' (#rgba)
        - '#ff00ff' (#rrggbb)
        - '#ff00ff00' (#rrggbbaa)
        - 'rgb(255, 255, 255)'
        - 'rgba(255, 255, 255, 1.0)'
        - 'hsl(360, 100%, 100%)'
        - 'hsla(360, 100%, 100%, 1.0)'
        - 'transparent'
        - 'red'
        - 0xff00ff00 (0xrrggbbaa)
      
      Bad object: {
        "width": 25,
        "height": 25,
        "borderRadius": 25,
        "backgroundColor": "@primaryColor",
        "transform": [
          {
            "scale": 0.4
          }
        ]
      }
          in View (created by AnimatedComponent)
          in AnimatedComponent (created by Spinner)
          in div (created by View)
          in View (created by Spinner)
          in Spinner
          in Spinner
          in Provider

PASS src/components/Gravatar/Gravatar.spec.js
PASS src/components/Slider/Slider.spec.js
PASS src/components/Checkbox/Checkbox.spec.js
  ● Console

    console.error node_modules/fbjs/lib/warning.js:33
      Warning: Failed prop type: Invalid prop `color` supplied to `Text`: @primaryColor
      Valid color formats are
        - '#f0f' (#rgb)
        - '#f0fc' (#rgba)
        - '#ff00ff' (#rrggbb)
        - '#ff00ff00' (#rrggbbaa)
        - 'rgb(255, 255, 255)'
        - 'rgba(255, 255, 255, 1.0)'
        - 'hsl(360, 100%, 100%)'
        - 'hsla(360, 100%, 100%, 1.0)'
        - 'transparent'
        - 'red'
        - 0xff00ff00 (0xrrggbbaa)
      
      Bad object: {
        "fontFamily": "Material Icons",
        "backgroundColor": "transparent",
        "color": "@primaryColor",
        "marginTop": 2,
        "fontSize": 18
      }
          in Text (created by Icon)
          in Icon
          in Icon (created by Checkbox)
          in div (created by View)
          in View (created by TouchableOpacity)
          in TouchableOpacity (created by Checkbox)
          in div (created by View)
          in View (created by Checkbox)
          in Checkbox
          in Checkbox
          in Provider

PASS src/components/typography/__tests__/H2.spec.js
PASS src/components/Badge/badge.spec.js
PASS src/components/typography/__tests__/P.spec.js
PASS src/components/typography/__tests__/H3.spec.js
PASS src/components/typography/__tests__/A.spec.js
PASS src/components/typography/__tests__/H1.spec.js
PASS src/components/typography/__tests__/Strong.spec.js
PASS src/components/SegmentedControlButton/SegmentedControlButton.spec.js
PASS src/components/typography/__tests__/H6.spec.js
PASS src/components/typography/__tests__/H4.spec.js
PASS src/components/Bubble/Bubble.spec.js
PASS src/components/typography/__tests__/H5.spec.js
PASS src/components/typography/__tests__/Em.spec.js

Test Suites: 26 passed, 26 total
Tests:       31 passed, 31 total
Snapshots:   31 passed, 31 total
Time:        4.249s
Ran all test suites.
